<?xml version="1.0" encoding="UTF-8"?>
<!-- Generated by org.testng.reporters.JUnitReportReporter -->
<testsuite hostname="DESKTOP-7E2E9OD" failures="0" tests="4" name="api.test.UserTests" time="5.347" errors="0" timestamp="2023-03-19T17:46:03 EDT" skipped="0">
  <testcase classname="api.test.UserTests" name="testPostUser" time="4.509"/>
  <system-out/>
  <testcase classname="api.test.UserTests" name="testGetUserByName" time="0.233"/>
  <system-out/>
  <testcase classname="api.test.UserTests" name="testUpdateUserByName" time="0.420"/>
  <system-out/>
  <testcase classname="api.test.UserTests" name="testDeleteUserByName" time="0.185"/>
  <system-out/>
</testsuite> <!-- api.test.UserTests -->
