<?xml version="1.0" encoding="UTF-8"?>
<!-- Generated by org.testng.reporters.JUnitReportReporter -->
<testsuite hostname="DESKTOP-7E2E9OD" failures="0" tests="5" name="api.test.UserTests2" time="11.317" errors="0" timestamp="2023-03-19T21:44:00 EDT" skipped="0">
  <testcase classname="api.test.UserTests2" name="testPostUser" time="0.224"/>
  <system-out/>
  <testcase classname="api.test.UserTests2" name="testPostUser" time="9.909"/>
  <system-out/>
  <testcase classname="api.test.UserTests2" name="testGetUserByName" time="0.216"/>
  <system-out/>
  <testcase classname="api.test.UserTests2" name="testUpdateUserByName" time="0.792"/>
  <system-out/>
  <testcase classname="api.test.UserTests2" name="testDeleteUserByName" time="0.176"/>
  <system-out/>
</testsuite> <!-- api.test.UserTests2 -->
